<?xml version="1.0" encoding="UTF-8"?>
<!-- Generated by org.testng.reporters.JUnitReportReporter -->
<testsuite hostname="ShwetaHome" failures="0" tests="1" name="com.firebase.test.tests.AutomationTest" time="15.156" errors="0" timestamp="2022-10-05T17:08:30 PDT" skipped="0">
  <testcase classname="com.firebase.test.tests.AutomationTest" name="ForgotPassword4B" time="15.156"/>
  <system-out/>
</testsuite> <!-- com.firebase.test.tests.AutomationTest -->
