<?xml version="1.0" encoding="UTF-8"?>
<!-- Generated by org.testng.reporters.JUnitReportReporter -->
<testsuite hostname="ShwetaHome" failures="0" tests="6" name="com.firebase.test.tests.AutomationTest" time="108.683" errors="0" timestamp="2022-10-05T17:22:55 PDT" skipped="0">
  <testcase classname="com.firebase.test.tests.AutomationTest" name="checkRememberMe3" time="27.539"/>
  <system-out/>
  <testcase classname="com.firebase.test.tests.AutomationTest" name="loginErrorMessage" time="11.191"/>
  <system-out/>
  <testcase classname="com.firebase.test.tests.AutomationTest" name="chromeTC05" time="20.075"/>
  <system-out/>
  <testcase classname="com.firebase.test.tests.AutomationTest" name="ForgotPassword4A" time="15.920"/>
  <system-out/>
  <testcase classname="com.firebase.test.tests.AutomationTest" name="ForgotPassword4B" time="16.261"/>
  <system-out/>
  <testcase classname="com.firebase.test.tests.AutomationTest" name="loginToSalesforce1" time="17.697"/>
  <system-out/>
</testsuite> <!-- com.firebase.test.tests.AutomationTest -->
