<?xml version="1.0" encoding="UTF-8"?>
<!-- Generated by org.testng.reporters.JUnitReportReporter -->
<testsuite hostname="ShwetaHome" failures="0" tests="1" name="com.firebase.test.tests.AutomationTest" time="18.802" errors="0" timestamp="2022-10-04T21:48:07 PDT" skipped="0">
  <testcase classname="com.firebase.test.tests.AutomationTest" name="checkRememberMe3" time="18.802"/>
  <system-out/>
</testsuite> <!-- com.firebase.test.tests.AutomationTest -->
